android/app/build/intermediates/manifest_merge_blame_file/release/manifest-merger-blame-release-report.txt
1<?xml version="1.0" encoding="utf-8"?>
2<manifest xmlns:android="http://schemas.android.com/apk/res/android"
3    package="creador.defrases.paravideos"
4    android:versionCode="2"
5    android:versionName="1.0.0" >
6
7    <uses-sdk
8        android:minSdkVersion="21"
8-->src\main\AndroidManifest.xml
9        android:targetSdkVersion="31" />
9-->src\main\AndroidManifest.xml
10    <!--
11         io.flutter.app.FlutterApplication is an android.app.Application that
12         calls FlutterMain.startInitialization(this); in its onCreate method.
13         In most cases you can leave this as-is, but you if you want to provide
14         additional functionality it is fine to subclass or reimplement
15         FlutterApplication and put your custom class here.
16    -->
17    <uses-permission android:name="android.permission.WRITE_EXTERNAL_STORAGE" />
17-->src\main\AndroidManifest.xml:7:5-81
17-->src\main\AndroidManifest.xml:7:22-78
18    <uses-permission android:name="android.permission.READ_EXTERNAL_STORAGE" />
18-->src\main\AndroidManifest.xml:8:5-80
18-->src\main\AndroidManifest.xml:8:22-77
19    <uses-permission android:name="android.permission.INTERNET" />
19-->src\main\AndroidManifest.xml:9:5-67
19-->src\main\AndroidManifest.xml:9:22-64
20
21    <meta-data
21-->src\main\AndroidManifest.xml:32:9-72
22        android:name="flutterEmbedding"
22-->src\main\AndroidManifest.xml:32:20-51
23        android:value="2" />
23-->src\main\AndroidManifest.xml:32:52-69
24
25    <uses-permission android:name="android.permission.ACCESS_NETWORK_STATE" /> <!-- Android package visibility setting -->
25-->[com.google.android.gms:play-services-ads-lite:20.2.0] AndroidManifest.xml:24:5-79
25-->[com.google.android.gms:play-services-ads-lite:20.2.0] AndroidManifest.xml:24:22-76
26    <queries>
26-->[com.google.android.gms:play-services-ads-lite:20.2.0] AndroidManifest.xml:27:5-43:15
27
28        <!-- For browser content -->
29        <intent>
29-->[com.google.android.gms:play-services-ads-lite:20.2.0] AndroidManifest.xml:30:9-36:18
30            <action android:name="android.intent.action.VIEW" />
30-->[com.google.android.gms:play-services-ads-lite:20.2.0] AndroidManifest.xml:31:13-65
30-->[com.google.android.gms:play-services-ads-lite:20.2.0] AndroidManifest.xml:31:21-62
31
32            <category android:name="android.intent.category.BROWSABLE" />
32-->[com.google.android.gms:play-services-ads-lite:20.2.0] AndroidManifest.xml:33:13-74
32-->[com.google.android.gms:play-services-ads-lite:20.2.0] AndroidManifest.xml:33:23-71
33
34            <data android:scheme="https" />
34-->[com.google.android.gms:play-services-ads-lite:20.2.0] AndroidManifest.xml:35:13-44
34-->[com.google.android.gms:play-services-ads-lite:20.2.0] AndroidManifest.xml:35:19-41
35        </intent>
36        <!-- End of browser content -->
37        <!-- For CustomTabsService -->
38        <intent>
38-->[com.google.android.gms:play-services-ads-lite:20.2.0] AndroidManifest.xml:39:9-41:18
39            <action android:name="android.support.customtabs.action.CustomTabsService" />
39-->[com.google.android.gms:play-services-ads-lite:20.2.0] AndroidManifest.xml:40:13-90
39-->[com.google.android.gms:play-services-ads-lite:20.2.0] AndroidManifest.xml:40:21-87
40        </intent>
41        <!-- End of CustomTabsService -->
42    </queries>
43
44    <uses-permission android:name="android.permission.WAKE_LOCK" />
44-->[com.google.android.gms:play-services-measurement-sdk-api:18.0.0] AndroidManifest.xml:25:5-68
44-->[com.google.android.gms:play-services-measurement-sdk-api:18.0.0] AndroidManifest.xml:25:22-65
45    <uses-permission android:name="android.permission.RECEIVE_BOOT_COMPLETED" />
45-->[androidx.work:work-runtime:2.1.0] AndroidManifest.xml:27:5-81
45-->[androidx.work:work-runtime:2.1.0] AndroidManifest.xml:27:22-78
46
47    <application
47-->src\main\AndroidManifest.xml:11:5-44:19
48        android:appComponentFactory="androidx.core.app.CoreComponentFactory"
48-->[androidx.core:core:1.6.0] AndroidManifest.xml:24:18-86
49        android:icon="@mipmap/ic_launcher"
49-->src\main\AndroidManifest.xml:11:98-132
50        android:label="Thoughts Of The Day"
50-->src\main\AndroidManifest.xml:11:18-53
51        android:requestLegacyExternalStorage="true" >
51-->src\main\AndroidManifest.xml:11:54-97
52        <activity
53            android:name="android.app.Application"
53-->src\main\AndroidManifest.xml:12:19-52
54            android:configChanges="orientation|keyboardHidden|keyboard|screenSize|smallestScreenSize|locale|layoutDirection|fontScale|screenLayout|density|uiMode"
54-->src\main\AndroidManifest.xml:12:119-269
55            android:hardwareAccelerated="true"
55-->src\main\AndroidManifest.xml:12:270-304
56            android:launchMode="singleTop"
56-->src\main\AndroidManifest.xml:12:53-83
57            android:theme="@style/LaunchTheme"
57-->src\main\AndroidManifest.xml:12:84-118
58            android:windowSoftInputMode="adjustResize" >
58-->src\main\AndroidManifest.xml:12:305-347
59
60            <!--
61                 Specifies an Android theme to apply to this Activity as soon as
62                 the Android process has started. This theme is visible to the user
63                 while the Flutter UI initializes. After that, this theme continues
64                 to determine the Window background behind the Flutter UI.
65            -->
66            <meta-data
66-->src\main\AndroidManifest.xml:18:13-120
67                android:name="io.flutter.embedding.android.NormalTheme"
67-->src\main\AndroidManifest.xml:18:24-79
68                android:resource="@style/NormalTheme" />
68-->src\main\AndroidManifest.xml:18:80-117
69            <!--
70                 Displays an Android View that continues showing the launch screen
71                 Drawable until Flutter paints its first frame, then this splash
72                 screen fades out. A splash screen is useful to avoid any visual
73                 gap between the end of Android's launch screen and the painting of
74                 Flutter's first frame.
75            -->
76            <meta-data
76-->src\main\AndroidManifest.xml:24:13-138
77                android:name="io.flutter.embedding.android.SplashScreenDrawable"
77-->src\main\AndroidManifest.xml:24:24-88
78                android:resource="@drawable/launch_background" />
78-->src\main\AndroidManifest.xml:24:89-135
79
80            <intent-filter>
80-->src\main\AndroidManifest.xml:25:13-28:29
81                <action android:name="android.intent.action.MAIN" />
81-->src\main\AndroidManifest.xml:26:17-69
81-->src\main\AndroidManifest.xml:26:25-66
82
83                <category android:name="android.intent.category.LAUNCHER" />
83-->src\main\AndroidManifest.xml:27:17-77
83-->src\main\AndroidManifest.xml:27:27-74
84            </intent-filter>
85        </activity>
86        <!--
87             Don't delete the meta-data below.
88             This is used by the Flutter tool to generate GeneratedPluginRegistrant.java
89        -->
90        <meta-data
90-->src\main\AndroidManifest.xml:32:9-72
91            android:name="flutterEmbedding"
91-->src\main\AndroidManifest.xml:32:20-51
92            android:value="2" />
92-->src\main\AndroidManifest.xml:32:52-69
93        <meta-data
93-->src\main\AndroidManifest.xml:35:9-134
94            android:name="com.google.android.gms.ads.APPLICATION_ID"
94-->src\main\AndroidManifest.xml:35:20-76
95            android:value="ca-app-pub-3940256099942544~3347511713" />
95-->src\main\AndroidManifest.xml:35:77-131
96
97        <!-- test id    ca-app-pub-3940256099942544~3347511713 -->
98
99        <provider
99-->src\main\AndroidManifest.xml:40:9-42:20
100            android:name="androidx.core.content.FileProvider"
100-->src\main\AndroidManifest.xml:40:19-68
101            android:authorities="creador.defrases.paravideos"
101-->src\main\AndroidManifest.xml:40:69-148
102            android:exported="false"
102-->src\main\AndroidManifest.xml:40:149-173
103            android:grantUriPermissions="true" >
103-->src\main\AndroidManifest.xml:40:174-208
104            <meta-data
104-->src\main\AndroidManifest.xml:41:13-111
105                android:name="android.support.FILE_PROVIDER_PATHS"
105-->src\main\AndroidManifest.xml:41:24-74
106                android:resource="@xml/filepaths" />
106-->src\main\AndroidManifest.xml:41:75-108
107        </provider>
108        <provider
108-->[:image_picker] AndroidManifest.xml:8:9-16:20
109            android:name="io.flutter.plugins.imagepicker.ImagePickerFileProvider"
109-->[:image_picker] AndroidManifest.xml:9:13-82
110            android:authorities="creador.defrases.paravideos.flutter.image_provider"
110-->[:image_picker] AndroidManifest.xml:10:13-74
111            android:exported="false"
111-->[:image_picker] AndroidManifest.xml:11:13-37
112            android:grantUriPermissions="true" >
112-->[:image_picker] AndroidManifest.xml:12:13-47
113            <meta-data
113-->src\main\AndroidManifest.xml:41:13-111
114                android:name="android.support.FILE_PROVIDER_PATHS"
114-->src\main\AndroidManifest.xml:41:24-74
115                android:resource="@xml/flutter_image_picker_file_paths" />
115-->src\main\AndroidManifest.xml:41:75-108
116        </provider>
117
118        <activity
118-->[:url_launcher] AndroidManifest.xml:8:9-11:74
119            android:name="io.flutter.plugins.urllauncher.WebViewActivity"
119-->[:url_launcher] AndroidManifest.xml:9:13-74
120            android:exported="false"
120-->[:url_launcher] AndroidManifest.xml:10:13-37
121            android:theme="@android:style/Theme.NoTitleBar.Fullscreen" />
121-->[:url_launcher] AndroidManifest.xml:11:13-71
122
123        <provider
123-->[:share] AndroidManifest.xml:8:9-16:20
124            android:name="io.flutter.plugins.share.ShareFileProvider"
124-->[:share] AndroidManifest.xml:9:13-70
125            android:authorities="creador.defrases.paravideos.flutter.share_provider"
125-->[:share] AndroidManifest.xml:10:13-74
126            android:exported="false"
126-->[:share] AndroidManifest.xml:11:13-37
127            android:grantUriPermissions="true" >
127-->[:share] AndroidManifest.xml:12:13-47
128            <meta-data
128-->src\main\AndroidManifest.xml:41:13-111
129                android:name="android.support.FILE_PROVIDER_PATHS"
129-->src\main\AndroidManifest.xml:41:24-74
130                android:resource="@xml/flutter_share_file_paths" />
130-->src\main\AndroidManifest.xml:41:75-108
131        </provider>
132
133        <uses-library
133-->[androidx.window:window:1.0.0-beta04] AndroidManifest.xml:25:9-27:40
134            android:name="androidx.window.extensions"
134-->[androidx.window:window:1.0.0-beta04] AndroidManifest.xml:26:13-54
135            android:required="false" />
135-->[androidx.window:window:1.0.0-beta04] AndroidManifest.xml:27:13-37
136        <uses-library
136-->[androidx.window:window:1.0.0-beta04] AndroidManifest.xml:28:9-30:40
137            android:name="androidx.window.sidecar"
137-->[androidx.window:window:1.0.0-beta04] AndroidManifest.xml:29:13-51
138            android:required="false" /> <!-- Include the AdActivity and InAppPurchaseActivity configChanges and themes. -->
138-->[androidx.window:window:1.0.0-beta04] AndroidManifest.xml:30:13-37
139        <activity
139-->[com.google.android.gms:play-services-ads-lite:20.2.0] AndroidManifest.xml:48:9-52:64
140            android:name="com.google.android.gms.ads.AdActivity"
140-->[com.google.android.gms:play-services-ads-lite:20.2.0] AndroidManifest.xml:49:13-65
141            android:configChanges="keyboard|keyboardHidden|orientation|screenLayout|uiMode|screenSize|smallestScreenSize"
141-->[com.google.android.gms:play-services-ads-lite:20.2.0] AndroidManifest.xml:50:13-122
142            android:exported="false"
142-->[com.google.android.gms:play-services-ads-lite:20.2.0] AndroidManifest.xml:51:13-37
143            android:theme="@android:style/Theme.Translucent" />
143-->[com.google.android.gms:play-services-ads-lite:20.2.0] AndroidManifest.xml:52:13-61
144
145        <provider
145-->[com.google.android.gms:play-services-ads-lite:20.2.0] AndroidManifest.xml:54:9-58:39
146            android:name="com.google.android.gms.ads.MobileAdsInitProvider"
146-->[com.google.android.gms:play-services-ads-lite:20.2.0] AndroidManifest.xml:55:13-76
147            android:authorities="creador.defrases.paravideos.mobileadsinitprovider"
147-->[com.google.android.gms:play-services-ads-lite:20.2.0] AndroidManifest.xml:56:13-73
148            android:exported="false"
148-->[com.google.android.gms:play-services-ads-lite:20.2.0] AndroidManifest.xml:57:13-37
149            android:initOrder="100" />
149-->[com.google.android.gms:play-services-ads-lite:20.2.0] AndroidManifest.xml:58:13-36
150
151        <service
151-->[com.google.android.gms:play-services-ads-lite:20.2.0] AndroidManifest.xml:60:9-63:40
152            android:name="com.google.android.gms.ads.AdService"
152-->[com.google.android.gms:play-services-ads-lite:20.2.0] AndroidManifest.xml:61:13-64
153            android:enabled="true"
153-->[com.google.android.gms:play-services-ads-lite:20.2.0] AndroidManifest.xml:62:13-35
154            android:exported="false" />
154-->[com.google.android.gms:play-services-ads-lite:20.2.0] AndroidManifest.xml:63:13-37
155
156        <meta-data
156-->[com.google.android.gms:play-services-basement:17.6.0] AndroidManifest.xml:23:9-25:69
157            android:name="com.google.android.gms.version"
157-->[com.google.android.gms:play-services-basement:17.6.0] AndroidManifest.xml:24:13-58
158            android:value="@integer/google_play_services_version" />
158-->[com.google.android.gms:play-services-basement:17.6.0] AndroidManifest.xml:25:13-66
159
160        <provider
160-->[androidx.work:work-runtime:2.1.0] AndroidManifest.xml:30:9-36:35
161            android:name="androidx.work.impl.WorkManagerInitializer"
161-->[androidx.work:work-runtime:2.1.0] AndroidManifest.xml:31:13-69
162            android:authorities="creador.defrases.paravideos.workmanager-init"
162-->[androidx.work:work-runtime:2.1.0] AndroidManifest.xml:32:13-68
163            android:directBootAware="false"
163-->[androidx.work:work-runtime:2.1.0] AndroidManifest.xml:33:13-44
164            android:exported="false"
164-->[androidx.work:work-runtime:2.1.0] AndroidManifest.xml:34:13-37
165            android:multiprocess="true" />
165-->[androidx.work:work-runtime:2.1.0] AndroidManifest.xml:35:13-40
166
167        <service
167-->[androidx.work:work-runtime:2.1.0] AndroidManifest.xml:38:9-43:35
168            android:name="androidx.work.impl.background.systemalarm.SystemAlarmService"
168-->[androidx.work:work-runtime:2.1.0] AndroidManifest.xml:39:13-88
169            android:directBootAware="false"
169-->[androidx.work:work-runtime:2.1.0] AndroidManifest.xml:40:13-44
170            android:enabled="@bool/enable_system_alarm_service_default"
170-->[androidx.work:work-runtime:2.1.0] AndroidManifest.xml:41:13-72
171            android:exported="false" />
171-->[androidx.work:work-runtime:2.1.0] AndroidManifest.xml:42:13-37
172        <service
172-->[androidx.work:work-runtime:2.1.0] AndroidManifest.xml:44:9-50:35
173            android:name="androidx.work.impl.background.systemjob.SystemJobService"
173-->[androidx.work:work-runtime:2.1.0] AndroidManifest.xml:45:13-84
174            android:directBootAware="false"
174-->[androidx.work:work-runtime:2.1.0] AndroidManifest.xml:46:13-44
175            android:enabled="@bool/enable_system_job_service_default"
175-->[androidx.work:work-runtime:2.1.0] AndroidManifest.xml:47:13-70
176            android:exported="true"
176-->[androidx.work:work-runtime:2.1.0] AndroidManifest.xml:48:13-36
177            android:permission="android.permission.BIND_JOB_SERVICE" />
177-->[androidx.work:work-runtime:2.1.0] AndroidManifest.xml:49:13-69
178
179        <receiver
179-->[androidx.work:work-runtime:2.1.0] AndroidManifest.xml:52:9-57:35
180            android:name="androidx.work.impl.utils.ForceStopRunnable$BroadcastReceiver"
180-->[androidx.work:work-runtime:2.1.0] AndroidManifest.xml:53:13-88
181            android:directBootAware="false"
181-->[androidx.work:work-runtime:2.1.0] AndroidManifest.xml:54:13-44
182            android:enabled="true"
182-->[androidx.work:work-runtime:2.1.0] AndroidManifest.xml:55:13-35
183            android:exported="false" />
183-->[androidx.work:work-runtime:2.1.0] AndroidManifest.xml:56:13-37
184        <receiver
184-->[androidx.work:work-runtime:2.1.0] AndroidManifest.xml:58:9-68:20
185            android:name="androidx.work.impl.background.systemalarm.ConstraintProxy$BatteryChargingProxy"
185-->[androidx.work:work-runtime:2.1.0] AndroidManifest.xml:59:13-106
186            android:directBootAware="false"
186-->[androidx.work:work-runtime:2.1.0] AndroidManifest.xml:60:13-44
187            android:enabled="false"
187-->[androidx.work:work-runtime:2.1.0] AndroidManifest.xml:61:13-36
188            android:exported="false" >
188-->[androidx.work:work-runtime:2.1.0] AndroidManifest.xml:62:13-37
189            <intent-filter>
189-->[androidx.work:work-runtime:2.1.0] AndroidManifest.xml:64:13-67:29
190                <action android:name="android.intent.action.ACTION_POWER_CONNECTED" />
190-->[androidx.work:work-runtime:2.1.0] AndroidManifest.xml:65:17-87
190-->[androidx.work:work-runtime:2.1.0] AndroidManifest.xml:65:25-84
191                <action android:name="android.intent.action.ACTION_POWER_DISCONNECTED" />
191-->[androidx.work:work-runtime:2.1.0] AndroidManifest.xml:66:17-90
191-->[androidx.work:work-runtime:2.1.0] AndroidManifest.xml:66:25-87
192            </intent-filter>
193        </receiver>
194        <receiver
194-->[androidx.work:work-runtime:2.1.0] AndroidManifest.xml:69:9-79:20
195            android:name="androidx.work.impl.background.systemalarm.ConstraintProxy$BatteryNotLowProxy"
195-->[androidx.work:work-runtime:2.1.0] AndroidManifest.xml:70:13-104
196            android:directBootAware="false"
196-->[androidx.work:work-runtime:2.1.0] AndroidManifest.xml:71:13-44
197            android:enabled="false"
197-->[androidx.work:work-runtime:2.1.0] AndroidManifest.xml:72:13-36
198            android:exported="false" >
198-->[androidx.work:work-runtime:2.1.0] AndroidManifest.xml:73:13-37
199            <intent-filter>
199-->[androidx.work:work-runtime:2.1.0] AndroidManifest.xml:75:13-78:29
200                <action android:name="android.intent.action.BATTERY_OKAY" />
200-->[androidx.work:work-runtime:2.1.0] AndroidManifest.xml:76:17-77
200-->[androidx.work:work-runtime:2.1.0] AndroidManifest.xml:76:25-74
201                <action android:name="android.intent.action.BATTERY_LOW" />
201-->[androidx.work:work-runtime:2.1.0] AndroidManifest.xml:77:17-76
201-->[androidx.work:work-runtime:2.1.0] AndroidManifest.xml:77:25-73
202            </intent-filter>
203        </receiver>
204        <receiver
204-->[androidx.work:work-runtime:2.1.0] AndroidManifest.xml:80:9-90:20
205            android:name="androidx.work.impl.background.systemalarm.ConstraintProxy$StorageNotLowProxy"
205-->[androidx.work:work-runtime:2.1.0] AndroidManifest.xml:81:13-104
206            android:directBootAware="false"
206-->[androidx.work:work-runtime:2.1.0] AndroidManifest.xml:82:13-44
207            android:enabled="false"
207-->[androidx.work:work-runtime:2.1.0] AndroidManifest.xml:83:13-36
208            android:exported="false" >
208-->[androidx.work:work-runtime:2.1.0] AndroidManifest.xml:84:13-37
209            <intent-filter>
209-->[androidx.work:work-runtime:2.1.0] AndroidManifest.xml:86:13-89:29
210                <action android:name="android.intent.action.DEVICE_STORAGE_LOW" />
210-->[androidx.work:work-runtime:2.1.0] AndroidManifest.xml:87:17-83
210-->[androidx.work:work-runtime:2.1.0] AndroidManifest.xml:87:25-80
211                <action android:name="android.intent.action.DEVICE_STORAGE_OK" />
211-->[androidx.work:work-runtime:2.1.0] AndroidManifest.xml:88:17-82
211-->[androidx.work:work-runtime:2.1.0] AndroidManifest.xml:88:25-79
212            </intent-filter>
213        </receiver>
214        <receiver
214-->[androidx.work:work-runtime:2.1.0] AndroidManifest.xml:91:9-100:20
215            android:name="androidx.work.impl.background.systemalarm.ConstraintProxy$NetworkStateProxy"
215-->[androidx.work:work-runtime:2.1.0] AndroidManifest.xml:92:13-103
216            android:directBootAware="false"
216-->[androidx.work:work-runtime:2.1.0] AndroidManifest.xml:93:13-44
217            android:enabled="false"
217-->[androidx.work:work-runtime:2.1.0] AndroidManifest.xml:94:13-36
218            android:exported="false" >
218-->[androidx.work:work-runtime:2.1.0] AndroidManifest.xml:95:13-37
219            <intent-filter>
219-->[androidx.work:work-runtime:2.1.0] AndroidManifest.xml:97:13-99:29
220                <action android:name="android.net.conn.CONNECTIVITY_CHANGE" />
220-->[androidx.work:work-runtime:2.1.0] AndroidManifest.xml:98:17-79
220-->[androidx.work:work-runtime:2.1.0] AndroidManifest.xml:98:25-76
221            </intent-filter>
222        </receiver>
223        <receiver
223-->[androidx.work:work-runtime:2.1.0] AndroidManifest.xml:101:9-112:20
224            android:name="androidx.work.impl.background.systemalarm.RescheduleReceiver"
224-->[androidx.work:work-runtime:2.1.0] AndroidManifest.xml:102:13-88
225            android:directBootAware="false"
225-->[androidx.work:work-runtime:2.1.0] AndroidManifest.xml:103:13-44
226            android:enabled="false"
226-->[androidx.work:work-runtime:2.1.0] AndroidManifest.xml:104:13-36
227            android:exported="false" >
227-->[androidx.work:work-runtime:2.1.0] AndroidManifest.xml:105:13-37
228            <intent-filter>
228-->[androidx.work:work-runtime:2.1.0] AndroidManifest.xml:107:13-111:29
229                <action android:name="android.intent.action.BOOT_COMPLETED" />
229-->[androidx.work:work-runtime:2.1.0] AndroidManifest.xml:108:17-79
229-->[androidx.work:work-runtime:2.1.0] AndroidManifest.xml:108:25-76
230                <action android:name="android.intent.action.TIME_SET" />
230-->[androidx.work:work-runtime:2.1.0] AndroidManifest.xml:109:17-73
230-->[androidx.work:work-runtime:2.1.0] AndroidManifest.xml:109:25-70
231                <action android:name="android.intent.action.TIMEZONE_CHANGED" />
231-->[androidx.work:work-runtime:2.1.0] AndroidManifest.xml:110:17-81
231-->[androidx.work:work-runtime:2.1.0] AndroidManifest.xml:110:25-78
232            </intent-filter>
233        </receiver>
234        <receiver
234-->[androidx.work:work-runtime:2.1.0] AndroidManifest.xml:113:9-122:20
235            android:name="androidx.work.impl.background.systemalarm.ConstraintProxyUpdateReceiver"
235-->[androidx.work:work-runtime:2.1.0] AndroidManifest.xml:114:13-99
236            android:directBootAware="false"
236-->[androidx.work:work-runtime:2.1.0] AndroidManifest.xml:115:13-44
237            android:enabled="@bool/enable_system_alarm_service_default"
237-->[androidx.work:work-runtime:2.1.0] AndroidManifest.xml:116:13-72
238            android:exported="false" >
238-->[androidx.work:work-runtime:2.1.0] AndroidManifest.xml:117:13-37
239            <intent-filter>
239-->[androidx.work:work-runtime:2.1.0] AndroidManifest.xml:119:13-121:29
240                <action android:name="androidx.work.impl.background.systemalarm.UpdateProxies" />
240-->[androidx.work:work-runtime:2.1.0] AndroidManifest.xml:120:17-98
240-->[androidx.work:work-runtime:2.1.0] AndroidManifest.xml:120:25-95
241            </intent-filter>
242        </receiver>
243
244        <service
244-->[androidx.room:room-runtime:2.1.0] AndroidManifest.xml:25:9-27:40
245            android:name="androidx.room.MultiInstanceInvalidationService"
245-->[androidx.room:room-runtime:2.1.0] AndroidManifest.xml:26:13-74
246            android:exported="false" />
246-->[androidx.room:room-runtime:2.1.0] AndroidManifest.xml:27:13-37
247
248        <activity
248-->[com.nabinbhandari.android:permissions:3.8] AndroidManifest.xml:12:9-14:67
249            android:name="com.nabinbhandari.android.permissions.PermissionsActivity"
249-->[com.nabinbhandari.android:permissions:3.8] AndroidManifest.xml:13:13-85
250            android:theme="@style/Permissions.TransparentTheme" />
250-->[com.nabinbhandari.android:permissions:3.8] AndroidManifest.xml:14:13-64
251    </application>
252
253</manifest>